<?xml version="1.0" encoding="UTF-8"?>
<!-- Generated by org.testng.reporters.JUnitReportReporter -->
<testsuite hostname="Nikolas-MacBook-Air.local" failures="0" tests="3" name="webpage.tests.HomePageTest" time="17.739" errors="0" timestamp="2020-04-03T21:22:19 CEST" skipped="0">
  <testcase classname="webpage.tests.HomePageTest" name="SummerDressesThroughWomen" time="3.528"/>
  <system-out/>
  <testcase classname="webpage.tests.HomePageTest" name="CheckinBothMethods" time="10.882"/>
  <system-out/>
  <testcase classname="webpage.tests.HomePageTest" name="SummerDressesThroughDresses" time="3.329"/>
  <system-out/>
</testsuite> <!-- webpage.tests.HomePageTest -->
