<?xml version="1.0" encoding="UTF-8"?>
<!-- Generated by org.testng.reporters.JUnitReportReporter -->
<testsuite hostname="Nikolas-MacBook-Air.local" failures="0" tests="1" name="webpage.tests.RegistrationTest" time="17.444" errors="0" timestamp="2020-04-03T21:28:42 CEST" skipped="0">
  <testcase classname="webpage.tests.RegistrationTest" name="registerAccCheck" time="17.444"/>
  <system-out/>
</testsuite> <!-- webpage.tests.RegistrationTest -->
